<?xml version="1.0" encoding="UTF-8"?>
<!-- Generated by org.testng.reporters.JUnitReportReporter -->
<testsuite hostname="Pratiks-MacBook-Air.local" failures="0" tests="2" name="pdp.LoanAmount" time="3.767" errors="0" timestamp="8 Aug 2025 07:20:28 GMT">
  <testcase classname="pdp.LoanAmount" name="loanAmountLessErrorMsg" time="3.707"/>
  <testcase classname="pdp.LoanAmount" name="loanAmountGreaterErrorMsg" time="0.060"/>
</testsuite> <!-- pdp.LoanAmount -->
